0 info it worked if it ends with ok
1 verbose cli [ '/home/daringi/.nvm/versions/node/v7.7.1/bin/node',
1 verbose cli   '/home/daringi/.nvm/versions/node/v7.7.1/bin/npm',
1 verbose cli   'i',
1 verbose cli   '-g',
1 verbose cli   '.' ]
2 info using npm@4.1.2
3 info using node@v7.7.1
4 silly loadCurrentTree Starting
5 silly install loadCurrentTree
6 silly install readGlobalPackageData
7 silly fetchPackageMetaData .
8 silly fetchOtherPackageData .
9 silly cache add args [ '.', null ]
10 verbose cache add spec .
11 silly cache add parsed spec Result {
11 silly cache add   raw: '.',
11 silly cache add   scope: null,
11 silly cache add   escapedName: null,
11 silly cache add   name: null,
11 silly cache add   rawSpec: '.',
11 silly cache add   spec: '/media/daringi/50A893BEA893A0D0/web/node/WIFI/bin',
11 silly cache add   type: 'local' }
12 error addLocal Could not install /media/daringi/50A893BEA893A0D0/web/node/WIFI/bin
13 silly fetchPackageMetaData Error: EISDIR: illegal operation on a directory, read
13 silly fetchPackageMetaData  error for . { Error: EISDIR: illegal operation on a directory, read errno: -21, code: 'EISDIR', syscall: 'read' }
14 silly rollbackFailedOptional Starting
15 verbose stack TypeError: Cannot read property 'path' of null
15 verbose stack     at Installer.rollbackFailedOptional (/home/daringi/.nvm/versions/node/v7.7.1/lib/node_modules/npm/lib/install.js:511:29)
15 verbose stack     at Array.<anonymous> (/home/daringi/.nvm/versions/node/v7.7.1/lib/node_modules/npm/node_modules/slide/lib/bind-actor.js:15:8)
15 verbose stack     at LOOP (/home/daringi/.nvm/versions/node/v7.7.1/lib/node_modules/npm/node_modules/slide/lib/chain.js:15:14)
15 verbose stack     at /home/daringi/.nvm/versions/node/v7.7.1/lib/node_modules/npm/node_modules/slide/lib/chain.js:18:7
15 verbose stack     at /home/daringi/.nvm/versions/node/v7.7.1/lib/node_modules/npm/lib/install.js:337:5
15 verbose stack     at Array.<anonymous> (/home/daringi/.nvm/versions/node/v7.7.1/lib/node_modules/npm/node_modules/slide/lib/bind-actor.js:15:8)
15 verbose stack     at LOOP (/home/daringi/.nvm/versions/node/v7.7.1/lib/node_modules/npm/node_modules/slide/lib/chain.js:15:14)
15 verbose stack     at chain (/home/daringi/.nvm/versions/node/v7.7.1/lib/node_modules/npm/node_modules/slide/lib/chain.js:20:5)
15 verbose stack     at /home/daringi/.nvm/versions/node/v7.7.1/lib/node_modules/npm/lib/install.js:294:5
15 verbose stack     at /home/daringi/.nvm/versions/node/v7.7.1/lib/node_modules/npm/node_modules/slide/lib/chain.js:16:22
16 verbose cwd /media/daringi/50A893BEA893A0D0/web/node/WIFI/bin
17 error Linux 4.2.0-42-generic
18 error argv "/home/daringi/.nvm/versions/node/v7.7.1/bin/node" "/home/daringi/.nvm/versions/node/v7.7.1/bin/npm" "i" "-g" "."
19 error node v7.7.1
20 error npm  v4.1.2
21 error Cannot read property 'path' of null
22 error If you need help, you may report this error at:
22 error     <https://github.com/npm/npm/issues>
23 verbose exit [ 1, true ]
