0 info it worked if it ends with ok
1 verbose cli [ '/home/daringi/.nvm/versions/node/v7.7.1/bin/node',
1 verbose cli   '/home/daringi/.nvm/versions/node/v7.7.1/bin/npm',
1 verbose cli   'login' ]
2 info using npm@4.1.2
3 info using node@v7.7.1
4 verbose stack Error: canceled
4 verbose stack     at Interface.<anonymous> (/home/daringi/.nvm/versions/node/v7.7.1/lib/node_modules/npm/node_modules/read/lib/read.js:66:13)
4 verbose stack     at emitNone (events.js:86:13)
4 verbose stack     at Interface.emit (events.js:188:7)
4 verbose stack     at Interface._ttyWrite (readline.js:725:16)
4 verbose stack     at ReadStream.onkeypress (readline.js:117:10)
4 verbose stack     at emitTwo (events.js:106:13)
4 verbose stack     at ReadStream.emit (events.js:194:7)
4 verbose stack     at emitKeys (internal/readline.js:403:14)
4 verbose stack     at emitKeys.next (<anonymous>)
4 verbose stack     at ReadStream.onData (readline.js:972:36)
5 verbose cwd /media/daringi/50A893BEA893A0D0/web/node/WIFI
6 error Linux 4.2.0-42-generic
7 error argv "/home/daringi/.nvm/versions/node/v7.7.1/bin/node" "/home/daringi/.nvm/versions/node/v7.7.1/bin/npm" "login"
8 error node v7.7.1
9 error npm  v4.1.2
10 error canceled
11 error If you need help, you may report this error at:
11 error     <https://github.com/npm/npm/issues>
12 verbose exit [ 1, true ]
